Arguments: 
  /usr/local/bin/node /usr/share/yarn/bin/yarn.js init

PATH: 
  /home/elizabeth/.local/bin:/home/elizabeth/.local/bin:/usr/local/sbin:/usr/local/bin:/usr/sbin:/usr/bin:/sbin:/bin:/usr/games:/usr/local/games:/snap/bin:/snap/bin

Yarn version: 
  1.22.19

Node version: 
  16.15.0

Platform: 
  linux x64

Trace: 
  Error: canceled
      at Interface.<anonymous> (/usr/share/yarn/lib/cli.js:137150:13)
      at Interface.emit (node:events:527:28)
      at Interface._ttyWrite (node:readline:1081:16)
      at ReadStream.onkeypress (node:readline:288:10)
      at ReadStream.emit (node:events:527:28)
      at emitKeys (node:internal/readline/utils:358:14)
      at emitKeys.next (<anonymous>)
      at ReadStream.onData (node:internal/readline/emitKeypressEvents:61:36)
      at ReadStream.emit (node:events:527:28)
      at addChunk (node:internal/streams/readable:315:12)

npm manifest: 
  {
    "name": "server",
    "version": "1.0.0",
    "description": "",
    "main": "index.js",
    "scripts": {
      "watch": "tsc -w",
      "dev": "nodemon dist/index.js"
    },
    "keywords": [],
    "author": "",
    "license": "ISC",
    "devDependencies": {
      "@types/connect-redis": "^0.0.18",
      "@types/express-session": "^1.17.4",
      "@types/node": "^17.0.34",
      "@types/nodemailer": "^6.4.4",
      "@types/uuid": "^8.3.4",
      "apollo-server-express": "^3.7.0",
      "argon2": "^0.28.5",
      "class-validator": "^0.13.2",
      "connect-redis": "^6.1.3",
      "dataloader": "^2.1.0",
      "dotenv": "^16.0.1",
      "express": "^4.18.1",
      "express-session": "^1.17.3",
      "graphql": "^15.3.0",
      "ioredis": "^5.0.4",
      "nodemailer": "^6.7.5",
      "nodemon": "^2.0.16",
      "ts-node": "^10.7.0",
      "type-graphql": "^1.1.1",
      "typescript": "^4.6.4",
      "uuid": "^8.3.2"
    },
    "dependencies": {
      "pg": "^8.7.3",
      "reflect-metadata": "^0.1.13",
      "typeorm": "^0.3.6"
    }
  }

yarn manifest: 
  No manifest

Lockfile: 
  No lockfile
